C51 COMPILER V9.60.7.0   MAIN                                                              05/20/2025 17:55:59 PAGE 1   


C51 COMPILER V9.60.7.0, COMPILATION OF MODULE MAIN
OBJECT MODULE PLACED IN .\Release\Objects\main.obj
COMPILER INVOKED BY: C:\Keil_v5\C51\BIN\C51.EXE ..\..\User\main.c LARGE OPTIMIZE(8,SIZE) BROWSE INTVECTOR(0X000C) INCDIR
                    -(..\..\Libraries\Include;..\..\User;..\..\User\lib;..\..\Hardware) INTERVAL(3) DEBUG OBJECTEXTEND PRINT(.\Release\Listin
                    -gs\main.lst) OBJECT(.\Release\Objects\main.obj)

line level    source

   1          /**
   2           ******************************************************************************
   3           * @file    main.c
   4           * @author  HUGE-IC Application Team
   5           * @version V1.0.0
   6           * @date    05-11-2022
   7           * @brief   Main program body
   8           ******************************************************************************
   9           * @attention
  10           *
  11           * <h2><center>&copy; COPYRIGHT 2021 HUGE-IC</center></h2>
  12           *
  13           * ÁâàÊùÉËØ¥ÊòéÂêéÁª≠Ë°•‰∏ä
  14           *
  15           ******************************************************************************
  16           */
  17          
  18          /* Includes ------------------------------------------------------------------*/
  19          #include "include.h"
  20          #include "my_config.h"
  21          
  22          #if 0
              
              // Êõ¥Êñ∞Êó∂Èó¥
              // void time_update(void)
              // {
              //     if (tmr4_cnt >= 1000) // Â¶ÇÊûúËÆ°Êó∂Êª°1s(1000ms)
              //     {
              //         tmr4_cnt -= 1000; // ‰∏∫‰∫ÜÂ∞ΩÈáèËÆ©Êó∂Èó¥ÂáÜÁ°ÆÔºåËøôÈáåÊòØ -=1000 ÔºåËÄå‰∏çÊòØÊ∏ÖÈõ∂
              
              //         if (fun_info.save_info.time_sec < 59) // ÊúÄÂ§ßÂä†Âà∞59sÔºåÊµãËØïÈÄöËøá
              //         {
              //             fun_info.save_info.time_sec++;
              //         }
              //         else
              //         {
              //             fun_info.save_info.time_sec = 0;
              //             fun_info_save(); // ÊØèÂàÜÈíü‰øùÂ≠ò‰∏ÄÊ¨°Êó∂Èó¥Âà∞flash
              
              //             // printf("cur min %d \n", (u16)fun_info.time_min);
              
              //             if (fun_info.save_info.time_min < 59) // ÊúÄÂ§ßÂä†Âà∞59minÔºåÊµãËØïÈÄöËøá
              //             {
              //                 fun_info.save_info.time_min++;
              //             }
              //             else
              //             {
              //                 fun_info.save_info.time_min = 0;
              //                 // printf("cur hour %d \n", (u16)fun_info.time_hour);
              
              //                 if (fun_info.save_info.time_hour < 23) // ÊúÄÂ§ßÂä†Âà∞23hÔºåÊµãËØïÈÄöËøá
              //                 {
              //                     fun_info.save_info.time_hour++;
C51 COMPILER V9.60.7.0   MAIN                                                              05/20/2025 17:55:59 PAGE 2   

              //                 }
              //                 else
              //                 {
              //                     // Âä†Âà∞ 23:59:59 ÂêéÔºåÂ∞ÜÊó∂Èó¥ÂÖ®ÈÉ®Ê∏ÖÈõ∂
              //                     fun_info.save_info.time_hour = 0;
              //                     fun_info.save_info.time_min = 0;
              //                     fun_info.save_info.time_sec = 0;
              //                 }
              //             }
              //         }
              
              // #if USE_MY_DEBUG // ÊµãËØïÂçïÁâáÊú∫ÂèëÈÄÅÁöÑÊï∞ÊçÆ
              //         // printf("cur sec %d \n", (u16)fun_info.time_sec);
              
              //         // ÊµãËØïÁî®ÔºåÂèØ‰ª•Âú®ËøôÈáå‰øÆÊîπÊï∞ÊçÆÔºåÁÑ∂ÂêéÂèëÈÄÅ
              //         {
              //             /*
              //                 #define TEST_SEND_BATTERY // ÊµãËØïÈÄöËøá
              //                 #define TEST_SEND_BRAKE // MP5‰∏äÈù¢Ê≤°ÊúâÊòæÁ§∫Ôºå‰∏≤Âè£ÊúâÂèëÈÄÅÂØπÂ∫îÁöÑÊï∞ÊçÆ
              //                 #define TEST_SEND_LEFT_TURN // ÊµãËØïÈÄöËøá
              //                 #define TEST_SEND_RIGHT_TURN // ÊµãËØïÈÄöËøá
              //                 #define TEST_SEND_HIGH_BEAM // ÊµãËØïÈÄöËøá
              
              //                 #define TEST_SEND_SPEED // ÊµãËØïÈÄöËøáÔºå‰ΩÜÊòØË¶ÅÊ≥®ÊÑèÊó∂ÈÄüÁöÑÊòæÁ§∫ËåÉÂõ¥
              //                 #define TEST_SEND_ENGINE_SPEED // ÊµãËØïÈÄöËøá
              //                 #define TEST_SEND_FUEL // ÊµãËØïÈÄöËøá
              
              //                 #define TEST_SEND_TEMP_OF_WATER // Ê≤°ÊúâÊòæÁ§∫ÔºåÊîπÁî®Ê∞¥Ê∏©Êä•Ë≠¶
              //                 #define TEST_SEND_TOTAL_MILEAGE // ÊµãËØïÈÄöËøá
              //                 #define TEST_SEND_SUBTOTAL_MILEAGE // ÊµãËØïÈÄöËøá
              
              //                 #define TEST_SEND_TOUCH_KEY
              //                 #define TEST_SEND_TEMP_OF_WATER_WARNING // ÊµãËØïÈÄöËøá
              //                 #define TEST_SEND_VOLTAGE_OF_BATTERY // ÊµãËØïÈÄöËøá
              //             */
              
              //             // #define TEST_SEND_VOLTAGE_OF_BATTERY
              
              // #ifdef TEST_SEND_BATTERY
              //             // =============================================
              //             // ÊµãËØïÂèëÈÄÅÁîµÊ±†ÁîµÈáè--Âçï‰ΩçÔºöÁôæÂàÜÊØî
              //             if (fun_info.battery < 100)
              //             {
              //                 fun_info.battery++;
              //             }
              //             else
              //             {
              //                 fun_info.battery = 0;
              //             }
              
              //             // printf("cur battery %d \%\n", (u16)fun_info.battery);
              //             flag_get_battery = 1;
              // #endif
              
              // #ifdef TEST_SEND_BRAKE
              //             // =============================================
              //             // ÊµãËØïÂèëÈÄÅ ÂàπËΩ¶Áä∂ÊÄÅ
              //             if (fun_info.brake)
              //             {
              //                 fun_info.brake = 0;
              //             }
              //             else
C51 COMPILER V9.60.7.0   MAIN                                                              05/20/2025 17:55:59 PAGE 3   

              //             {
              //                 fun_info.brake = 1;
              //             }
              
              //             flag_get_brake = 1;
              // #endif
              
              // #ifdef TEST_SEND_LEFT_TURN
              //             // =============================================
              //             // ÊµãËØïÂèëÈÄÅ Â∑¶ËΩ¨ÂêëÁÅØ
              //             if (fun_info.left_turn)
              //             {
              //                 fun_info.left_turn = 0;
              //             }
              //             else
              //             {
              //                 fun_info.left_turn = 1;
              //             }
              
              //             flag_get_left_turn = 1;
              // #endif
              
              // #ifdef TEST_SEND_RIGHT_TURN
              //             // =============================================
              //             // ÊµãËØïÂèëÈÄÅ Âè≥ËΩ¨ÂêëÁÅØ
              //             if (fun_info.right_turn)
              //             {
              //                 fun_info.right_turn = 0;
              //             }
              //             else
              //             {
              //                 fun_info.right_turn = 1;
              //             }
              
              //             flag_get_right_turn = 1;
              // #endif
              
              // #ifdef TEST_SEND_HIGH_BEAM
              //             // #if 1
              //             // =============================================
              //             // ÊµãËØïÂèëÈÄÅ ËøúÂÖâÁÅØ Áä∂ÊÄÅ
              //             if (fun_info.high_beam)
              //             {
              //                 fun_info.high_beam = 0;
              //             }
              //             else
              //             {
              //                 fun_info.high_beam = 1;
              //             }
              
              //             flag_get_high_beam = 1;
              // #endif
              
              // #ifdef TEST_SEND_SPEED
              //             // =============================================
              //             // ÊµãËØïÂèëÈÄÅ Êó∂ÈÄü
              //             if (fun_info.speed < 0xFFFF)
              //             {
              //                 fun_info.speed++;
              //             }
              //             else
              //             {
C51 COMPILER V9.60.7.0   MAIN                                                              05/20/2025 17:55:59 PAGE 4   

              //                 fun_info.speed = 0;
              //             }
              
              //             flag_get_speed = 1;
              // #endif
              
              // #ifdef TEST_SEND_ENGINE_SPEED
              //             // =============================================
              //             // ÊµãËØïÂèëÈÄÅ ÂèëÂä®Êú∫ËΩ¨ÈÄü
              //             if (fun_info.engine_speeed < (0xFFFF - 1000))
              //             {
              //                 fun_info.engine_speeed += 1000;
              //             }
              //             else
              //             {
              //                 fun_info.engine_speeed = 1000;
              //             }
              
              //             flag_get_engine_speed = 1;
              // #endif
              
              // #ifdef TEST_SEND_FUEL
              //             // =============================================
              //             // ÊµãËØïÂèëÈÄÅ Ê≤πÈáè
              //             if (fun_info.fuel < 0xFF)
              //             {
              //                 fun_info.fuel++;
              //             }
              //             else
              //             {
              //                 fun_info.fuel = 0;
              //             }
              
              //             flag_get_fuel = 1;
              
              // #endif
              
              // #ifdef TEST_SEND_TEMP_OF_WATER
              //             // =============================================
              //             // ÊµãËØïÂèëÈÄÅ Ê∞¥Ê∏©
              //             if (fun_info.temp_of_water < 0xFF)
              //             {
              //                 fun_info.temp_of_water++;
              //             }
              //             else
              //             {
              //                 fun_info.temp_of_water = 0;
              //             }
              
              //             flag_get_temp_of_water = 1;
              // #endif
              
              // #ifdef TEST_SEND_TOTAL_MILEAGE
              //             // =============================================
              //             // ÊµãËØïÂèëÈÄÅ Â§ßËÆ°ÈáåÁ®ã
              //             // fun_info.save_info.total_mileage = 90000;
              //             if (fun_info.save_info.total_mileage < (0xFFFFFFFF - 1000))
              //             {
              //                 fun_info.save_info.total_mileage += 1000;
              //             }
              //             else
              //             {
C51 COMPILER V9.60.7.0   MAIN                                                              05/20/2025 17:55:59 PAGE 5   

              //                 fun_info.save_info.total_mileage = 0xFFFF0000;
              //             }
              
              //             flag_get_total_mileage = 1;
              
              // #endif
              
              // #ifdef TEST_SEND_SUBTOTAL_MILEAGE
              //             // =============================================
              //             // ÊµãËØïÂèëÈÄÅ Â∞èËÆ°ÈáåÁ®ã
              //             if (fun_info.save_info.subtotal_mileage < 1000)
              //             {
              //                 fun_info.save_info.subtotal_mileage++;
              //             }
              //             else
              //             {
              //                 fun_info.save_info.subtotal_mileage = 0;
              //             }
              
              //             flag_get_sub_total_mileage = 1;
              // #endif
              
              // #ifdef TEST_SEND_TEMP_OF_WATER_WARNING
              //             // =============================================
              //             // ÊµãËØïÂèëÈÄÅ Ê∞¥Ê∏©Êä•Ë≠¶
              
              //             if (fun_info.flag_is_in_water_temp_warning)
              //             {
              //                 fun_info.flag_is_in_water_temp_warning = 0;
              //             }
              //             else
              //             {
              //                 fun_info.flag_is_in_water_temp_warning = 1;
              //             }
              
              //             flag_set_temp_of_water_warning = 1;
              // #endif
              
              // #ifdef TEST_SEND_VOLTAGE_OF_BATTERY
              //             // ÊµãËØï ÂèëÈÄÅÁîµÊ±†ÁîµÂéã
              //             if (fun_info.voltage_of_battery < (0xFFFF - 10))
              //             {
              //                 fun_info.voltage_of_battery += 10;
              //             }
              //             else
              //             {
              //                 fun_info.voltage_of_battery = 10000;
              //             }
              
              //             flag_get_voltage_of_battery = 1;
              // #endif
              //         }
              
              // #endif // #if USE_MY_DEBUG // ÊµãËØïÂçïÁâáÊú∫ÂèëÈÄÅÁöÑÊï∞ÊçÆ
              //     }
              // }
              #endif
 297          
 298          void user_init(void)
 299          {
 300   1      
 301   1      #if USE_MY_DEBUG
C51 COMPILER V9.60.7.0   MAIN                                                              05/20/2025 17:55:59 PAGE 6   

              
                  uart1_config();
              
              #endif
 306   1          aip1302_config(); // ÂàùÂßãÂåñÊó∂ÈíüicÔºåÂáΩÊï∞ÂÜÖÈÉ®‰ºöËØªÂèñÊó∂Èó¥‰ø°ÊÅØÔºåÂπ∂Â≠òÊîæÂà∞ÂÖ®Â±ÄÂèòÈáè‰
             -∏≠
 307   1          fun_info_init();  // ÂàùÂßãÂåñÁî®‰∫éÂ≠òÊîæ‰ø°ÊÅØÁöÑÂèòÈáè
 308   1      
 309   1          tmr0_config();           // ‰∏≤Âè£Ê£ÄÊµãÊï∞ÊçÆË∂ÖÊó∂ÈúÄË¶Å‰ΩøÁî®Âà∞ÁöÑÂÆöÊó∂Âô®
 310   1          uart0_config();          // ÂèëÈÄÅÂíåÊé•Êî∂Êåá‰ª§‰ΩøÁî®Âà∞ÁöÑ‰∏≤Âè£
 311   1          pin_level_scan_config(); // ÂàπËΩ¶„ÄÅËΩ¨ÂêëÁÅØ„ÄÅÊå°‰ΩçÁöÑÊ£ÄÊµãÂºïËÑöÈÖçÁΩÆ
 312   1      
 313   1          tmr1_config(); // Ê£ÄÊµã‰∏ÄÊÆµÊó∂Èó¥ÂÜÖÁöÑËÑâÂÜ≤‰∏™Êï∞ÊâÄÈúÄÁöÑÂÆöÊó∂Âô®(Áî®‰∫éËÆ°Êó∂)
 314   1      
 315   1          speed_scan_config();        // Êó∂ÈÄüÊâ´ÊèèÁöÑÈÖçÁΩÆ
 316   1          engine_speed_scan_config(); // ÂèëÂä®Êú∫ËΩ¨ÈÄüÊâ´ÊèèÁöÑÈÖçÁΩÆ
 317   1      
 318   1          p03_output_config(); // ËæìÂá∫È´òÁîµÂπ≥Áî®ÁöÑÂºïËÑöÔºåÂà∞Êó∂ÂÄôÊ£ÄÊµãacc,ÊâçËæìÂá∫È´òÁîµÂπ≥
 319   1      
 320   1          adc_config();
 321   1          tmr2_config(); // Êâ´ÊèèËÑâÂÜ≤(ÁîµÂπ≥ÂèòÂåñ)ÁöÑÂÆöÊó∂Âô®
 322   1      }
 323          
 324          void main(void)
 325          {
 326   1          // ÁúãÈó®ÁãóÈªòËÆ§ÊâìÂºÄ, Â§ç‰ΩçÊó∂Èó¥2s
 327   1          system_init();
 328   1      
 329   1          // WDT_KEY = WDT_KEY_VAL(0xDD); //  ÂÖ≥Èó≠ÁúãÈó®Áãó
 330   1      
 331   1          // ÂÖ≥Èó≠HCKÂíåHDAÁöÑË∞ÉËØïÂäüËÉΩ
 332   1          WDT_KEY = 0x55;  // Ëß£Èô§ÂÜô‰øùÊä§
 333   1          IO_MAP &= ~0x01; // Ê∏ÖÈô§Ëøô‰∏™ÂØÑÂ≠òÂô®ÁöÑÂÄºÔºåÂÆûÁé∞ÂÖ≥Èó≠HCKÂíåHDAÂºïËÑöÁöÑË∞ÉËØïÂäüËÉΩÔºàËß£Èô§Ê
             -ò†Â∞ÑÔºâ
 334   1          WDT_KEY = 0xBB;
 335   1      
 336   1          /* Áî®Êà∑‰ª£Á†ÅÂàùÂßãÂåñÊé•Âè£ */
 337   1          user_init();
 338   1      
 339   1          tmr1_enable(); // ÊâìÂºÄ Ê£ÄÊµãÂºïËÑöÁîµÂπ≥„ÄÅÊ£ÄÊµãÊó∂ÈÄü„ÄÅÂèëÂä®Êú∫ËΩ¨ÈÄü„ÄÅÊõ¥Êñ∞ÈáåÁ®ã„ÄÅÂÆöÊó∂Ê£
             -ÄÊµãÊ≤πÈáè ‰ΩøÁî®ÁöÑÂÆöÊó∂Âô®
 340   1          tmr2_enable(); // ÊâìÂºÄÂÆöÊó∂Ê£ÄÊµãËÑâÂÜ≤ÁöÑÂÆöÊó∂Âô®
 341   1      
 342   1          // ÊµãËØïÁî®Âà∞ÁöÑÈÖçÁΩÆÔºö
 343   1          // P1_MD0 &= (~GPIO_P11_MODE_SEL(0x3));
 344   1          // P1_MD0 |= GPIO_P11_MODE_SEL(0x1); // ËæìÂá∫Ê®°Âºè
 345   1          // FOUT_S11 |= GPIO_FOUT_AF_FUNC;
 346   1          // P11 = 0;
 347   1          // P2_MD0 &= ~GPIO_P20_MODE_SEL(0x3); // Ê∏ÖÁ©∫ÂØπÂ∫îÁöÑÈÖçÁΩÆ
 348   1          // P2_MD0 |= GPIO_P20_MODE_SEL(0x1);  // ËæìÂá∫Ê®°Âºè
 349   1          // FOUT_S20 |= GPIO_FOUT_AF_FUNC;
 350   1          // P20 = 0;
 351   1      
 352   1          // ‰∏äÁîµÂêéÔºåÈúÄË¶ÅÁÇπ‰∫Æ‰∏Ä‰∏ãÊâÄÊúâÁöÑÊåáÁ§∫ÁÅØÔºåÂÜçÂÖ≥Èó≠
 353   1      
 354   1          /* Á≥ªÁªü‰∏ªÂæ™ÁéØ */
 355   1          while (1)
 356   1          {
 357   2      #if 1
 358   2              // Êâ´ÊèèÁä∂ÊÄÅÊòØÂê¶ÂèòÂåñÔºåÂ¶ÇÊûúÂèòÂåñÂàôÊõ¥Êñ∞Ê†áÂøó‰ΩçÔºåÊõ¥Êñ∞Áä∂ÊÄÅÁöÑ‰ø°ÊÅØÂà∞ÁªìÊûÑ‰Ωì‰∏
             -≠
 359   2              // P0_PD |= GPIO_P04_PULL_PD(0x01);     // ‰∏ãÊãâ
C51 COMPILER V9.60.7.0   MAIN                                                              05/20/2025 17:55:59 PAGE 7   

 360   2              // P0_MD1 &= ~(GPIO_P04_MODE_SEL(0x3)); // ËæìÂÖ•Ê®°Âºè
 361   2              pin_level_scan();                    // Ê£ÄÊµãÂºïËÑöÁîµÂπ≥ÂèòÂåñ
 362   2              ad_key_scan();              // Ê£ÄÊµãËß¶Êë∏ÊåâÈîÆÔºåÂÜÖÈÉ®‰ºöÂèëÈÄÅÊ£ÄÊµãÂà∞ÁöÑÊåâÈîÆÁä∂ÊÄÅ
 363   2      
 364   2              // Ê≥®ÊÑèË¶ÅÂÖàÊâìÂºÄÂØπÂ∫îÁöÑÂÆöÊó∂Âô®
 365   2              engine_speed_scan(); // Ê£ÄÊµãÂèëÂä®Êú∫ËΩ¨ÈÄü
 366   2              speed_scan();        // Ê£ÄÊµãÊó∂ÈÄü
 367   2              mileage_scan();      // Ê£ÄÊµãÂ§ßËÆ°ÈáåÁ®ãÂíåÂ∞èËÆ°ÈáåÁ®ã
 368   2      
 369   2              // Ê≤πÈáèÊ£ÄÊµãÔºö
 370   2              fuel_capacity_scan();
 371   2      
 372   2              // Ê∞¥Ê∏©Ê£ÄÊµãÔºö
 373   2              temp_of_water_scan();
 374   2      
 375   2              // ÁîµÊ±†ÁîµÈáèÊ£ÄÊµãÔºö
 376   2              // P04--ÊµãÈáèÁîµÊ±†ÁîµÂéãÁöÑÂºïËÑö
 377   2              // P0_MD1 |= GPIO_P04_MODE_SEL(0x3); // Ê®°ÊãüÊ®°Âºè
 378   2              battery_scan();
 379   2      
 380   2              uart0_scan_handle();  // Ê£ÄÊü•‰∏≤Âè£Êé•Êî∂ÁºìÂÜ≤Âå∫ÁöÑÊï∞ÊçÆÊòØÂê¶Á¨¶ÂêàÂçèËÆÆ,Â¶ÇÊûúÊúâÊ≠£Á°ÆÁöÑ
             -Êåá‰ª§Ôºå‰ºöÂ≠òÂà∞Âè¶‰∏Ä‰∏™ÁºìÂÜ≤Âå∫‰∏≠
 381   2              instruction_scan();   // Êâ´ÊèèÊòØÂê¶ÊúâÂêàÊ≥ïÁöÑÊåá‰ª§
 382   2              instruction_handle(); // Êâ´ÊèèÊòØÂê¶ÊúâÂØπÂ∫îÁöÑËé∑Âèñ/Áä∂ÊÄÅÊõ¥Êñ∞Êìç‰Ωú(ÊúÄÂç†Áî®Êó∂Èó¥,Âõ†‰∏∫Ë
             -¶ÅÁ≠âÂæÖ‰∏≤Âè£ÁöÑÊï∞ÊçÆÂèëÈÄÅÂÆåÊàê)
 383   2                                    // printf("main\n");
 384   2      #ifdef USE_MY_DEBUG
 385   2      #if USE_MY_DEBUG
                      // aip1302_test();
              #endif // #if USE_MY_DEBUG
 388   2      #endif // #ifdef USE_MY_DEBUG
 389   2      
 390   2              heart_beat_handle(); //
 391   2      
 392   2      #endif //
 393   2      
 394   2              // if (PIN_DETECT_MALFUNCTION) // Â¶ÇÊûúÊ£ÄÊµãÊïÖÈöúÁöÑÂºïËÑö‰∏∫È´òÁîµÂπ≥
 395   2              // {
 396   2              //     // printf("");
 397   2              // }
 398   2              // else // Â¶ÇÊûúÊ£ÄÊµãÊïÖÈöúÁöÑÂºïËÑö‰∏∫‰ΩéÁîµÂπ≥
 399   2              // {
 400   2              //     printf("detect malfunction\n");
 401   2              // }
 402   2      
 403   2              // P20 = ~P20;                  // ÊµãËØï‰∏ªÂæ™ÁéØÁöÑÊó∂Èó¥Âë®Êúü
 404   2              WDT_KEY = WDT_KEY_VAL(0xAA); // ÂñÇÁãóÂπ∂Ê∏ÖÈô§ wdt_pending
 405   2          }
 406   1      }
 407          
 408          /**
 409           * @}
 410           */
 411          
 412          /*************************** (C) COPYRIGHT 2022 HUGE-IC ***** END OF FILE *****/


MODULE INFORMATION:   STATIC OVERLAYABLE
   CODE SIZE        =     99    ----
   CONSTANT SIZE    =   ----    ----
   XDATA SIZE       =   ----    ----
   PDATA SIZE       =   ----    ----
C51 COMPILER V9.60.7.0   MAIN                                                              05/20/2025 17:55:59 PAGE 8   

   DATA SIZE        =   ----    ----
   IDATA SIZE       =   ----    ----
   BIT SIZE         =   ----    ----
END OF MODULE INFORMATION.


C51 COMPILATION COMPLETE.  0 WARNING(S),  0 ERROR(S)
