C51 COMPILER V9.60.7.0   MILEAGE                                                           05/27/2025 16:56:45 PAGE 1   


C51 COMPILER V9.60.7.0, COMPILATION OF MODULE MILEAGE
OBJECT MODULE PLACED IN .\Release\Objects\mileage.obj
COMPILER INVOKED BY: C:\Keil_v5\C51\BIN\C51.EXE ..\..\User\mileage.c LARGE OPTIMIZE(9,SIZE) BROWSE ORDER INTVECTOR(0X000
                    -C) INCDIR(..\..\Libraries\Include;..\..\User;..\..\User\lib;..\..\Hardware) INTERVAL(3) DEBUG OBJECTEXTEND PRINT(.\Relea
                    -se\Listings\mileage.lst) OBJECT(.\Release\Objects\mileage.obj)

line level    source

   1          // 里程表的源程序
   2          #include "mileage.h"
   3          
   4          volatile u32 mileage_save_time_cnt = 0; // 里程扫描所需的计数值,每隔一定时间将里程写
             -flash
   5          volatile u32 distance = 0;              // 存放每次扫描时走过的路程（单位：毫米）-->用
             -于里程表的计数
   6          
   7          volatile u16 mileage_update_time_cnt = 0; // 里程更新的时间计数,每隔一段时间更新一次当
             -前里程（负责控制发送里程的周期）
   8          
   9          // 总里程扫描
  10          void mileage_scan(void)
  11          {
  12   1          static u32 old_total_mileage = 0;    // 用来记录旧的大计里程的变量
  13   1          static u32 old_subtotal_mileage = 0; // 用来记录旧的小计里程的变量
  14   1      
  15   1          // static u16 mileage_update_time_cnt = 0; // 里程更新的时间计数,每隔一段时间更新一
             -当前里程（负责控制发送里程的周期）
  16   1          // mileage_update_time_cnt += ONE_CYCLE_TIME_MS;
  17   1      
  18   1          if (mileage_save_time_cnt >= 30000) // 30000 ms -- 30s
  19   1          {
  20   2              mileage_save_time_cnt = 0;
  21   2              fun_info_save(); // 将 fun_info 写回flash
  22   2              // printf("fun_info_save()");
  23   2      
  24   2      #ifdef USE_MY_DEBUG
  25   2      #if USE_MY_DEBUG
                      printf("fun_info_save()");
              #endif // #if USE_MY_DEBUG
  28   2      #endif // #ifdef USE_MY_DEBUG
  29   2      
  30   2          }
  31   1      
  32   1          if (distance >= 1000) // 1000mm -- 1m
  33   1          {
  34   2              // 如果走过的距离超过了1m，再进行保存（保存到变量）
  35   2      
  36   2              // // 限制大计里程在 1000000000000 mm(1000,000km)以内
  37   2              // if (fun_info.save_info.total_mileage < (u32)1000000000000 - 1001)
  38   2              // {
  39   2              //     fun_info.save_info.total_mileage += distance / 1000; // 将毫米转换成米，再保存
  40   2              // }
  41   2      
  42   2              // 限制大计里程在 1000,000km(1,000,000,000m)以内
  43   2              if (fun_info.save_info.total_mileage < (u32)1000000000)
  44   2              {
  45   3                  fun_info.save_info.total_mileage++; // +1m
  46   3              }
  47   2      
  48   2              // // 限制小计里程在 1,000,000,000 mm(1000km)以内
  49   2              // if (fun_info.save_info.subtotal_mileage < (u32)1000000000 - 1001)
C51 COMPILER V9.60.7.0   MILEAGE                                                           05/27/2025 16:56:45 PAGE 2   

  50   2              // {
  51   2              //     fun_info.save_info.subtotal_mileage += distance / 1000; // 将毫米转换成米，再保
             -
  52   2              // }
  53   2      
  54   2              // 限制小计里程在 1000km(1,000,000m)以内
  55   2              if (fun_info.save_info.subtotal_mileage < (u32)1000000)
  56   2              {
  57   3                  fun_info.save_info.subtotal_mileage++; // +1m
  58   3              }
  59   2      
  60   2              distance -= 1000; // 剩下的、未保存的、不满1m的数据留到下一次再保存
  61   2          }
  62   1      
  63   1      #ifdef USE_INTERNATIONAL /* 公制单位 */
  64   1                               // 如果大计里程有变化且超过了100m(不能满1000m再发送，在显
             -上，会先更新大计里程，过几百ms才更新小计里程)
  65   1          if ((fun_info.save_info.total_mileage - old_total_mileage) > 100)
  66   1      #else /* USE_IMPERIAL // 英制单位 */
                  // 如果大计里程有变化且超过了161m(0.1英里)
                  if ((fun_info.save_info.total_mileage - old_total_mileage) > 161)
              #endif
  70   1          {
  71   2              old_total_mileage = fun_info.save_info.total_mileage; // 记录旧的里程
  72   2      
  73   2              // printf("total mileage: %lu m\n", fun_info.save_info.total_mileage);
  74   2      
  75   2              // 发送数据的操作，可以先置标志位
  76   2              flag_get_total_mileage = 1;
  77   2          }
  78   1      
  79   1      #ifdef USE_INTERNATIONAL /* 公制单位 */
  80   1                               // 如果小计里程有变化且超过了100m
  81   1          if ((fun_info.save_info.subtotal_mileage - old_subtotal_mileage) > 100)
  82   1      #else /* USE_IMPERIAL // 英制单位 */
                  // 如果小计里程有变化且超过了161m(0.1英里)
                  if ((fun_info.save_info.subtotal_mileage - old_subtotal_mileage) > 161)
              #endif
  86   1          {
  87   2              old_subtotal_mileage = fun_info.save_info.subtotal_mileage; // 记录旧的里程
  88   2      
  89   2              // printf("subtotal mileage: %lu m\n", fun_info.save_info.subtotal_mileage);
  90   2      
  91   2              // 发送数据的操作，可以先置标志位
  92   2              flag_get_sub_total_mileage = 1;
  93   2          }
  94   1      
  95   1          if (mileage_update_time_cnt >= MILEAGE_UPDATE_TIME_MS)
  96   1          {
  97   2              // 每隔一段时间，发送大小里程，
  98   2              // 因为最后大计里程在999999km,小计里程在999.9km之后，就不更新了，
  99   2              // 要在刷新一次，才会发送1000000km和1000.0km的大小里程
 100   2              mileage_update_time_cnt = 0;
 101   2              flag_get_total_mileage = 1; // 
 102   2              flag_get_sub_total_mileage = 1;
 103   2          }
 104   1      }


MODULE INFORMATION:   STATIC OVERLAYABLE
   CODE SIZE        =    245    ----
   CONSTANT SIZE    =   ----    ----
C51 COMPILER V9.60.7.0   MILEAGE                                                           05/27/2025 16:56:45 PAGE 3   

   XDATA SIZE       =     18    ----
   PDATA SIZE       =   ----    ----
   DATA SIZE        =   ----    ----
   IDATA SIZE       =   ----    ----
   BIT SIZE         =   ----    ----
END OF MODULE INFORMATION.


C51 COMPILATION COMPLETE.  0 WARNING(S),  0 ERROR(S)
