C51 COMPILER V9.60.7.0   SYSTEM                                                            05/20/2025 17:55:57 PAGE 1   


C51 COMPILER V9.60.7.0, COMPILATION OF MODULE SYSTEM
OBJECT MODULE PLACED IN .\Release\Objects\system.obj
COMPILER INVOKED BY: C:\Keil_v5\C51\BIN\C51.EXE ..\..\Libraries\Source\system.c LARGE OPTIMIZE(8,SIZE) BROWSE INTVECTOR(
                    -0X000C) INCDIR(..\..\Libraries\Include;..\..\User;..\..\User\lib;..\..\Hardware) INTERVAL(3) DEBUG OBJECTEXTEND PRINT(.\
                    -Release\Listings\system.lst) OBJECT(.\Release\Objects\system.obj)

line level    source

   1          /**
   2           ******************************************************************************
   3           * @file    system.c
   4           * @author  HUGE-IC Application Team
   5           * @version V1.0.0
   6           * @date    01-05-2021
   7           * @brief   Main program body
   8           ******************************************************************************
   9           * @attention
  10           *
  11           * <h2><center>&copy; COPYRIGHT 2021 HUGE-IC</center></h2>
  12           *
  13           *
  14           *
  15           ******************************************************************************
  16           */
  17          
  18          /* Includes ------------------------------------------------------------------*/
  19          #include "include.h"
  20          
  21          /** @addtogroup Template_Project
  22           * @{
  23           */
  24          
  25          /* Private typedef -----------------------------------------------------------*/
  26          /* Private define ------------------------------------------------------------*/
  27          /* Private macro -------------------------------------------------------------*/
  28          /* Private variables ---------------------------------------------------------*/
  29          /* Private function prototypes -----------------------------------------------*/
  30          /* Private functions ---------------------------------------------------------*/
  31          
  32          /**
  33           * @brief  Delay function
  34           * @param  cnt : the number of cnt to delay
  35           * @retval None
  36           */
  37          void delay(u16 cnt)
  38          {
  39   1          while (cnt--)
  40   1          {
  41   2          }
  42   1      }
  43          
  44          /**
  45           * @brief  Delay function
  46           * @param  ms : the number of ms to delay
  47           * @retval None
  48           */
  49          void delay_ms(u16 ms)
  50          {
  51   1          while (ms--)
  52   1          {
  53   2              // WDT_KEY = WDT_KEY_VAL(0xAA); // å–‚ç‹—æ“ä½œ
C51 COMPILER V9.60.7.0   SYSTEM                                                            05/20/2025 17:55:57 PAGE 2   

  54   2              // delay(1140); // è°ƒè¯•å¾—å‡ºçš„æ•°å€¼ï¼ˆç”±äºè¿™é‡ŒåŠ äº†å–‚ç‹—æ“ä½œï¼Œæ•°å€¼éœ€è¦é‡æ–°è°ƒæ
             -•´ï¼Œä¸ç”¨åŸæ¥çš„1450ï¼‰
  55   2      
  56   2              delay(1450);
  57   2          }
  58   1      }
  59          
  60          /**
  61           * @brief  System initialization function
  62           * @param  None
  63           * @retval None
  64           */
  65          void system_init(void)
  66          {
  67   1          u8 i;
  68   1      
  69   1          CLK_ACON0 |= CLK_AIP_HRC_EN(0x1); // ä½¿èƒ½ HIRC
  70   1          __HIRC_DELAY;                     // è¯¥å»¶è¿Ÿä¸å¯åˆ é™¤,ç­‰å¾…HIRCç¨³å®šå¹¶èƒ½ä¿è¯çƒ§å½•ç¨³å®šæ€§
  71   1          FLASH_TIMEREG0 = 0x55;
  72   1          /* å¦‚æœç³»ç»Ÿæ—¶é’Ÿé…ç½®ä¸º48mhzï¼Œåˆ™FLASH_TIMEREG1 = 0x54 */
  73   1          /* å¦‚æœç³»ç»Ÿæ—¶é’Ÿé…ç½®ä¸º24mhz-12mhzï¼Œåˆ™FLASH_TIMEREG1 = 0x50 */
  74   1          FLASH_TIMEREG1 = 0x5C;              // FLASHè®¿é—®é€Ÿåº¦ = ç³»ç»Ÿæ—¶é’Ÿ/4
  75   1          CLK_CON2 = 0x50 | CLK_SYS_DIV(0x0); // ç³»ç»Ÿæ—¶é’Ÿä¸åˆ†é¢‘ HIRC48M
  76   1          CLK_CON0 = CLK_SYSCLK_SEL(0x3);     // ç³»ç»Ÿæ—¶é’Ÿé€‰æ‹©
  77   1          CLK_CON6 = CLK_FLASH_DIV(47);       // FLASHçƒ§å†™æ—¶é’Ÿ48åˆ†é¢‘ï¼š1M
  78   1          LVD_CON2 = 3;                       // æ»¤æ³¢å‘¨æœŸ
  79   1          LVD_CON1 &= ~(0x3);                 // VCC\VDD ä½ç”µæ»¤æ³¢å»æŠ–åŠŸèƒ½
  80   1      
  81   1          // åˆå§‹åŒ–å¯„å­˜å™¨
  82   1          // FOUT_S00 ~ FOUT_SEL
  83   1          for (i = 0x18; i <= 0x32; i++)
  84   1          {
  85   2              *(unsigned char volatile xdata *)(IOFUNC_BASE + i) = 0x0;
  86   2          }
  87   1      
  88   1          __LOADER_CHIP_TRIM; // è£…è½½èŠ¯ç‰‡å„ä¸ªæ¨¡å—æ ¡å‡†å€¼
  89   1      }
  90          
  91          /*************************** (C) COPYRIGHT 2021 HUGE-IC ***** END OF FILE *****/


MODULE INFORMATION:   STATIC OVERLAYABLE
   CODE SIZE        =    255    ----
   CONSTANT SIZE    =   ----    ----
   XDATA SIZE       =   ----    ----
   PDATA SIZE       =   ----    ----
   DATA SIZE        =   ----    ----
   IDATA SIZE       =   ----    ----
   BIT SIZE         =   ----    ----
END OF MODULE INFORMATION.


C51 COMPILATION COMPLETE.  0 WARNING(S),  0 ERROR(S)
