C51 COMPILER V9.60.7.0   TMR1                                                              05/20/2025 17:55:58 PAGE 1   


C51 COMPILER V9.60.7.0, COMPILATION OF MODULE TMR1
OBJECT MODULE PLACED IN .\Release\Objects\tmr1.obj
COMPILER INVOKED BY: C:\Keil_v5\C51\BIN\C51.EXE ..\..\Hardware\tmr1.c LARGE OPTIMIZE(8,SIZE) BROWSE INTVECTOR(0X000C) IN
                    -CDIR(..\..\Libraries\Include;..\..\User;..\..\User\lib;..\..\Hardware) INTERVAL(3) DEBUG OBJECTEXTEND PRINT(.\Release\Li
                    -stings\tmr1.lst) OBJECT(.\Release\Objects\tmr1.obj)

line level    source

   1          #include "tmr1.h"
   2          
   3          // #define TMR1_CNT_TIME 152 // 152 * 0.65625us 约等于100us
   4          
   5          // 定时器定时周期 (单位:Hz)
   6          // 周期值 = 系统时钟 / 定时器分频 / 频率 - 1
   7          #define TMR1_PERIOD (SYSCLK / 128 / 1000 - 1) // 1000Hz,1ms
   8          
   9          // volatile bit tmr1_flag = 0; // TMR1中断服务函数中会置位的标志位
  10          volatile u32 tmr1_cnt = 0; // 定时器TMR1的计数值（每次在中断服务函数中会加一）
  11          
  12          /**
  13           * @brief 配置定时器TMR1，配置完成后，定时器默认关闭
  14           */
  15          void tmr1_config(void)
  16          {
  17   1          __SetIRQnIP(TMR1_IRQn, TMR1_IQn_CFG); // 设置中断优先级（TMR1）
  18   1          __DisableIRQ(TMR1_IRQn);              // 禁用中断
  19   1          IE_EA = 1;                            // 打开总中断
  20   1      
  21   1          TMR_ALLCON = TMR1_CNT_CLR(0x1); // 清除计数值
  22   1      
  23   1          TMR1_CONL &= ~TMR_PRESCALE_SEL(0x07); // 清除TMR1的预分频配置寄存器
  24   1          TMR1_CONL |= TMR_PRESCALE_SEL(0x07);  // 定时器预分频
  25   1          TMR1_CONL &= ~TMR_MODE_SEL(0x03);     // 清除TMR1的模式配置寄存器
  26   1          TMR1_CONL |= TMR_MODE_SEL(0x01);      // 配置TMR1的模式为计数器模式，最后对系统时钟
             -的脉冲进行计数
  27   1      
  28   1          TMR1_CONH &= ~TMR_PRD_PND(0x01); // 清除TMR1的计数标志位，表示未完成计数
  29   1          TMR1_CONH |= TMR_PRD_IRQ_EN(1);  // 使能TMR1的计数中断
  30   1      
  31   1          // 配置TMR1的计数周期
  32   1          TMR1_PRH = TMR_PERIOD_VAL_H((TMR1_PERIOD >> 8) & 0xFF); // 周期值
  33   1          TMR1_PRL = TMR_PERIOD_VAL_L((TMR1_PERIOD >> 0) & 0xFF);
  34   1      
  35   1          TMR1_CONL &= ~(TMR_SOURCE_SEL(0x07)); // 清除TMR1的时钟源配置寄存器
  36   1          TMR1_CONL |= TMR_SOURCE_SEL(0x05);    // 配置TMR1的时钟源，不用任何时钟
  37   1      }
  38          
  39          /**
  40           * @brief 开启定时器TMR1，开始计时
  41           */
  42          void tmr1_enable(void)
  43          {
  44   1          // 重新给TMR1配置时钟
  45   1          TMR1_CONL &= ~(TMR_SOURCE_SEL(0x07)); // 清除定时器的时钟源配置寄存器
  46   1          TMR1_CONL |= TMR_SOURCE_SEL(0x06);    // 配置定时器的时钟源，使用系统时钟
  47   1      
  48   1          __EnableIRQ(TMR1_IRQn); // 使能中断
  49   1          IE_EA = 1;              // 打开总中断
  50   1      }
  51          
  52          #if 0  // void tmr1_disable(void)
C51 COMPILER V9.60.7.0   TMR1                                                              05/20/2025 17:55:58 PAGE 2   

              /**
               * @brief 关闭定时器，清空计数值
               */
              void tmr1_disable(void)
              {
                  // 不给定时器提供时钟，让它停止计数
                  TMR1_CONL &= ~(TMR_SOURCE_SEL(0x07)); // 清除定时器的时钟源配置寄存器
                  TMR1_CONL |= TMR_SOURCE_SEL(0x05);    // 配置定时器的时钟源，不用任何时钟
              
                  TMR_ALLCON = TMR1_CNT_CLR(0x1); // 清除计数值
              
                  __DisableIRQ(TMR1_IRQn); // 关闭中断（不使能中断）
              }
              #endif // void tmr1_disable(void)
  67          
  68          void heart_beat_handle(void)
  69          {
  70   1          static volatile u32 old_time_ms_cnt = 0; //
  71   1          volatile u32 cur_time_ms_cnt = tmr1_cnt; // 先读出计时,防止被中断打断
  72   1          volatile u32 diff_ms_cnt = 0;
  73   1          tmr1_cnt = 0;                                    // 读出计时后,立刻清除定时器的计时
  74   1          diff_ms_cnt = cur_time_ms_cnt - old_time_ms_cnt; // 计算时间差
  75   1          old_time_ms_cnt = 0;
  76   1      
  77   1          if (pin_level_scan_time_cnt < 65535) // 防止计数溢出
  78   1          {
  79   2              // pin_level_scan_time_cnt++;
  80   2              pin_level_scan_time_cnt += diff_ms_cnt;
  81   2          }
  82   1      
  83   1          if (engine_scan_time_cnt < 65535 - diff_ms_cnt) // 防止计数溢出
  84   1          {
  85   2              // engine_scan_time_cnt++;
  86   2              engine_scan_time_cnt += diff_ms_cnt;
  87   2              if (engine_scan_time_cnt >= ENGINE_SPEED_SCAN_TIME_MS) // 如果已经到了累计的时间
  88   2              {
  89   3                  engine_actual_scan_time_cnt = engine_scan_time_cnt; // 更新实际的扫描检测时间
  90   3                  engine_scan_time_cnt = 0;
  91   3                  // detect_engine_pulse_cnt[1] += detect_engine_pulse_cnt[0]; // 将另一个定时器中断扫
             -描到的脉冲更新到[1]
  92   3                  // 不能在定时器中断内累加脉冲计数，主循环执行时间过长，相关的计
             -函数就不能定期取到这个值，
  93   3                  // 会影响计算结果，可能多加了几个脉冲计数
  94   3                  // 下面直接让数据覆盖，如果计算函数没有及时取到数值，也不影响计
             -结果
  95   3                  detect_engine_pulse_cnt[1] = detect_engine_pulse_cnt[0]; // 将另一个定时器中断扫描
             -的脉冲更新到[1]
  96   3                  detect_engine_pulse_cnt[0] = 0;
  97   3                  flag_is_update_engine_pulse_cnt = 1; // 表示有数据更新
  98   3              }
  99   2          }
 100   1      
 101   1          if (speed_scan_time_cnt < 65535 - diff_ms_cnt) // 防止计数溢出
 102   1          {
 103   2              // speed_scan_time_cnt++;
 104   2              speed_scan_time_cnt += diff_ms_cnt;
 105   2              if (speed_scan_time_cnt >= SPEED_SCAN_TIME_MS) // 如果经过了 xx ms
 106   2              {
 107   3                  speed_actual_scan_time_cnt = speed_scan_time_cnt; // 更新实际的扫描检测时间
 108   3                  speed_scan_time_cnt = 0;
 109   3                  // detect_speed_pulse_cnt[1] += detect_speed_pulse_cnt[0]; // 将另一个定时器中断扫
             -到的脉冲更新到[1]
C51 COMPILER V9.60.7.0   TMR1                                                              05/20/2025 17:55:58 PAGE 3   

 110   3                  // 不能在定时器中断内累加脉冲计数，主循环执行时间过长，相关的计
             -函数就不能定期取到这个值，
 111   3                  // 会影响计算结果，可能多加了几个脉冲计数
 112   3                  // 下面直接让数据覆盖，如果计算函数没有及时取到数值，也不影响计
             -结果
 113   3                  detect_speed_pulse_cnt[1] = detect_speed_pulse_cnt[0]; // 将另一个定时器中断扫描到
             -的脉冲更新到[1]
 114   3                  detect_speed_pulse_cnt[0] = 0;                         //
 115   3                  flag_is_update_speed_pulse_cnt = 1;                    // 表示有数据更新
 116   3              }
 117   2          }
 118   1      
 119   1          if (mileage_save_time_cnt < 4294967295 - diff_ms_cnt) // 防止计数溢出
 120   1          {
 121   2              // mileage_save_time_cnt++;
 122   2              mileage_save_time_cnt += diff_ms_cnt;
 123   2          }
 124   1      
 125   1          if (fuel_capacity_scan_cnt < 4294967295 - diff_ms_cnt) // 防止计数溢出
 126   1          {
 127   2              // fuel_capacity_scan_cnt++;
 128   2              fuel_capacity_scan_cnt += diff_ms_cnt;
 129   2          }
 130   1      
 131   1          if (synchronous_request_status == SYN_REQUEST_STATUS_HANDLING)
 132   1          {
 133   2              // synchronous_request_time_cnt++; // 同步请求的冷却计时
 134   2              synchronous_request_time_cnt += diff_ms_cnt; // 同步请求的冷却计时
 135   2              if (synchronous_request_time_cnt >= 2500)
 136   2              {
 137   3                  // 如果接收同步请求已经过了 xx s，清除冷却状态
 138   3                  synchronous_request_time_cnt = 0;
 139   3                  synchronous_request_status = SYN_REQUEST_STATUS_NONE;
 140   3              }
 141   2          }
 142   1      
 143   1          if (update_date_status == UPDATE_STATUS_HANDLING)
 144   1          {
 145   2              // 如果更新日期进入冷却状态，进行冷却计时
 146   2              // update_date_cooling_cnt++;
 147   2              update_date_cooling_cnt += diff_ms_cnt;
 148   2              if (update_date_cooling_cnt >= 100) // xx ms
 149   2              {
 150   3                  // 过了冷却时间，退出冷却状态
 151   3                  update_date_cooling_cnt = 0;
 152   3                  update_date_status = UPDATE_STATUS_NONE;
 153   3              }
 154   2          }
 155   1      
 156   1          if (update_time_status == UPDATE_STATUS_HANDLING)
 157   1          {
 158   2              // 如果更新时间进入冷却状态，进行冷却计时
 159   2              // update_time_cooling_cnt++;
 160   2              update_time_cooling_cnt += diff_ms_cnt;
 161   2              if (update_time_cooling_cnt >= 100) // xx ms
 162   2              {
 163   3                  // 过了冷却时间，退出冷却状态
 164   3                  update_time_cooling_cnt = 0;
 165   3                  update_time_status = UPDATE_STATUS_NONE;
 166   3              }
 167   2          }
 168   1      }
C51 COMPILER V9.60.7.0   TMR1                                                              05/20/2025 17:55:58 PAGE 4   

 169          
 170          // TMR1中断服务函数
 171          void TIMR1_IRQHandler(void) interrupt TMR1_IRQn
 172          {
 173   1          // 进入中断设置IP，不可删除
 174   1          __IRQnIPnPush(TMR1_IRQn);
 175   1      
 176   1          /*
 177   1              测试中断持续时间
 178   1              内部未调用函数，约           74.5us,
 179   1              调用engine_speed_scan()时约 200us,
 180   1              调用speed_scan()时约        271us,
 181   1              两个一起调用，约             426us,
 182   1      
 183   1              将 engine_speed_scan()和speed_scan()放到主函数来计算，
 184   1              最短用时约 43us，
 185   1              相继执行了engine_speed_scan和speed_scan对应的条件，进行更新时，约 75us
 186   1      
 187   1              将 对其他功能的时间进行计数的操作全部转移到外部函数,只在该中断对 tm
             -r1_cnt 加一,
 188   1              约 5us
 189   1          */
 190   1          // P20 = 1;
 191   1      
 192   1          // ---------------- 用户函数处理 -------------------
 193   1      
 194   1          // 周期中断
 195   1          if (TMR1_CONH & TMR_PRD_PND(0x1))
 196   1          {
 197   2              TMR1_CONH |= TMR_PRD_PND(0x1); // 清除pending
 198   2      
 199   2              tmr1_cnt++;
 200   2          }
 201   1      
 202   1          // P20 = 0;// 测试中断持续时间
 203   1          // 退出中断设置IP，不可删除
 204   1          __IRQnIPnPop(TMR1_IRQn);
 205   1      }


MODULE INFORMATION:   STATIC OVERLAYABLE
   CODE SIZE        =    727    ----
   CONSTANT SIZE    =   ----    ----
   XDATA SIZE       =      8       8
   PDATA SIZE       =   ----    ----
   DATA SIZE        =   ----    ----
   IDATA SIZE       =   ----    ----
   BIT SIZE         =   ----    ----
END OF MODULE INFORMATION.


C51 COMPILATION COMPLETE.  0 WARNING(S),  0 ERROR(S)
